<?xml version="1.0" encoding="UTF-8"?>
<testng-results ignored="0" total="1" passed="1" failed="0" skipped="0">
  <reporter-output>
  </reporter-output>
  <suite started-at="2022-04-25T08:19:55 EET" name="Default suite" finished-at="2022-04-25T08:20:09 EET" duration-ms="13716">
    <groups>
    </groups>
    <test started-at="2022-04-25T08:19:55 EET" name="Default test" finished-at="2022-04-25T08:20:09 EET" duration-ms="13716">
      <class name="findingElements.DropdownTests">
        <test-method is-config="true" signature="setUp()[pri:0, instance:findingElements.DropdownTests@16d04d3d]" started-at="2022-04-25T08:19:55 EET" name="setUp" finished-at="2022-04-25T08:20:05 EET" duration-ms="9460" status="PASS">
          <reporter-output>
          </reporter-output>
        </test-method> <!-- setUp -->
        <test-method signature="selectOptionFromDropDown()[pri:0, instance:findingElements.DropdownTests@16d04d3d]" started-at="2022-04-25T08:20:05 EET" name="selectOptionFromDropDown" finished-at="2022-04-25T08:20:08 EET" duration-ms="3716" status="PASS">
          <reporter-output>
          </reporter-output>
        </test-method> <!-- selectOptionFromDropDown -->
        <test-method is-config="true" signature="tearDown()[pri:0, instance:findingElements.DropdownTests@16d04d3d]" started-at="2022-04-25T08:20:08 EET" name="tearDown" finished-at="2022-04-25T08:20:09 EET" duration-ms="467" status="PASS">
          <reporter-output>
          </reporter-output>
        </test-method> <!-- tearDown -->
      </class> <!-- findingElements.DropdownTests -->
    </test> <!-- Default test -->
  </suite> <!-- Default suite -->
</testng-results>
